Jan 29, 2026 11:14:50 PM com.revshop.util.LoggerUtil logInfo
INFO: User registered successfully: kkkk@gmail.com
Jan 29, 2026 11:15:41 PM com.revshop.util.LoggerUtil logWarning
WARNING: Failed login attempt: kiran@gmail.com
Jan 29, 2026 11:16:07 PM com.revshop.util.LoggerUtil logWarning
WARNING: Failed login attempt: kr@gmail.com
Jan 29, 2026 11:16:29 PM com.revshop.util.LoggerUtil logInfo
INFO: User logged in: kkkk@gmail.com
Jan 29, 2026 11:17:17 PM com.revshop.util.LoggerUtil logInfo
INFO: Added product 3 to cart for user 21
Jan 29, 2026 11:18:08 PM com.revshop.util.LoggerUtil logInfo
INFO: User logged in: kkkk@gmail.com
Jan 29, 2026 11:21:13 PM com.revshop.util.LoggerUtil logWarning
WARNING: Failed login attempt: k@gmail.com
Jan 29, 2026 11:28:09 PM com.revshop.util.LoggerUtil logInfo
INFO: User registered successfully: kira@gmail.com
Jan 29, 2026 11:29:41 PM com.revshop.util.LoggerUtil logWarning
WARNING: Failed login attempt: kkkk@gmail.com
Jan 30, 2026 12:18:37 AM com.revshop.util.LoggerUtil logInfo
INFO: User registered successfully: k@gmail.co
Jan 30, 2026 12:18:57 AM com.revshop.util.LoggerUtil logInfo
INFO: User logged in: k@gmail.co
Jan 30, 2026 12:22:04 AM com.revshop.util.LoggerUtil logWarning
WARNING: Failed login attempt: kr@gmail.com
Jan 30, 2026 12:22:22 AM com.revshop.util.LoggerUtil logInfo
INFO: User logged in: kkk@gmail.com
Jan 30, 2026 12:24:14 AM com.revshop.util.LoggerUtil logInfo
INFO: User registered successfully: kitrann@gmail.com
Jan 30, 2026 12:24:53 AM com.revshop.util.LoggerUtil logInfo
INFO: User logged in: kitrann@gmail.com
Jan 30, 2026 12:25:17 AM com.revshop.util.LoggerUtil logInfo
INFO: User logged in: kitrann@gmail.com
Jan 30, 2026 12:25:31 AM com.revshop.util.LoggerUtil logInfo
INFO: User logged in: kitrann@gmail.com
Jan 30, 2026 12:33:18 AM com.revshop.util.LoggerUtil logInfo
INFO: User registered successfully: ki@gmail.com
Jan 30, 2026 12:33:54 AM com.revshop.util.LoggerUtil logInfo
INFO: User registered successfully: kk@gmail.com
Jan 30, 2026 12:34:08 AM com.revshop.util.LoggerUtil logInfo
INFO: User logged in: kkk@gmail.com
Jan 30, 2026 12:34:39 AM com.revshop.util.LoggerUtil logInfo
INFO: Added product 7 to cart for user 7
Jan 30, 2026 12:36:29 AM com.revshop.util.LoggerUtil logInfo
INFO: User logged in: kkk@gmail.com
Jan 30, 2026 12:45:45 AM com.revshop.util.LoggerUtil logInfo
INFO: User registered successfully: kkl@gmail.com
Jan 30, 2026 12:46:14 AM com.revshop.util.LoggerUtil logWarning
WARNING: Failed login attempt: 0
Jan 30, 2026 12:46:49 AM com.revshop.util.LoggerUtil logInfo
INFO: User registered successfully: kumar@gmail.com
Jan 30, 2026 12:47:04 AM com.revshop.util.LoggerUtil logInfo
INFO: User logged in: kumar@gmail.com
Jan 30, 2026 12:49:19 AM com.revshop.util.LoggerUtil logInfo
INFO: User logged in: kkk@gmail.com
Jan 30, 2026 12:52:13 AM com.revshop.util.LoggerUtil logInfo
INFO: User registered successfully: j@gmail.com
Jan 30, 2026 12:55:10 AM com.revshop.util.LoggerUtil logWarning
WARNING: Failed login attempt: j@gmail.com
Jan 30, 2026 12:55:37 AM com.revshop.util.LoggerUtil logInfo
INFO: User registered successfully: jk@gmail.com
Jan 30, 2026 12:57:56 AM com.revshop.util.LoggerUtil logInfo
INFO: User logged in: jk@gmail.com
Jan 30, 2026 12:59:08 AM com.revshop.util.LoggerUtil logInfo
INFO: User registered successfully: rrr@gmail.com
Jan 30, 2026 1:02:52 AM com.revshop.util.LoggerUtil logInfo
INFO: User registered successfully: h@gmail.com
Jan 30, 2026 1:04:15 AM com.revshop.util.LoggerUtil logInfo
INFO: User logged in: h@gmail.com
Jan 30, 2026 1:04:50 AM com.revshop.util.LoggerUtil logWarning
WARNING: Failed login attempt: h@gmail.com
Jan 30, 2026 1:04:57 AM com.revshop.util.LoggerUtil logInfo
INFO: User logged in: h@gmail.com
Jan 30, 2026 1:07:10 AM com.revshop.util.LoggerUtil logInfo
INFO: User registered successfully: kirankumar@gmail.com
Jan 30, 2026 1:10:50 AM com.revshop.util.LoggerUtil logInfo
INFO: User logged in: kirankumar@gmail.com
Jan 30, 2026 1:13:12 AM com.revshop.util.LoggerUtil logInfo
INFO: User registered successfully: gh@gmail.com
Jan 30, 2026 1:14:17 AM com.revshop.util.LoggerUtil logInfo
INFO: User logged in: gh@gmail.com
Jan 30, 2026 1:19:51 AM com.revshop.util.LoggerUtil logInfo
INFO: User logged in: gh@gmail.com
Jan 30, 2026 1:21:13 AM com.revshop.util.LoggerUtil logWarning
WARNING: Failed login attempt: package com.revshop.dao;
Jan 30, 2026 1:21:33 AM com.revshop.util.LoggerUtil logInfo
INFO: User logged in: gh@gmail.com
Jan 30, 2026 1:22:13 AM com.revshop.util.LoggerUtil logInfo
INFO: User logged in: gh@gmail.com
Jan 30, 2026 1:22:49 AM com.revshop.util.LoggerUtil logInfo
INFO: Product added: Milk
Jan 30, 2026 1:34:18 AM com.revshop.util.LoggerUtil logInfo
INFO: User logged in: gh@gmail.com
Jan 30, 2026 1:34:39 AM com.revshop.util.LoggerUtil logInfo
INFO: Product added: jj
Jan 30, 2026 1:35:30 AM com.revshop.util.LoggerUtil logWarning
WARNING: Failed login attempt: kr@gmail.com
Jan 30, 2026 1:35:57 AM com.revshop.util.LoggerUtil logWarning
WARNING: Failed login attempt: kiran@gmail.com
Jan 30, 2026 1:36:23 AM com.revshop.util.LoggerUtil logInfo
INFO: User registered successfully: ke@gmail.com
Jan 30, 2026 1:36:44 AM com.revshop.util.LoggerUtil logInfo
INFO: User logged in: ke@gmail.com
Jan 30, 2026 1:47:07 AM com.revshop.util.LoggerUtil logWarning
WARNING: Failed login attempt:    public void viewAllPayments() {
Jan 30, 2026 1:47:24 AM com.revshop.util.LoggerUtil logInfo
INFO: User logged in: gh@gmail.com
Jan 30, 2026 1:47:42 AM com.revshop.util.LoggerUtil logWarning
WARNING: Failed login attempt: kiran@gmail.com
Jan 30, 2026 1:47:55 AM com.revshop.util.LoggerUtil logWarning
WARNING: Failed login attempt: kr@gmail.com
Jan 30, 2026 1:48:29 AM com.revshop.util.LoggerUtil logInfo
INFO: User registered successfully: kl@gmail.com
Jan 30, 2026 1:48:42 AM com.revshop.util.LoggerUtil logInfo
INFO: User logged in: kl@gmail.com
Jan 30, 2026 1:49:08 AM com.revshop.util.LoggerUtil logInfo
INFO: Added product 5 to cart for user 18
Jan 30, 2026 1:49:35 AM com.revshop.util.LoggerUtil logError
SEVERE: Failed to create order record
Jan 30, 2026 1:54:08 AM com.revshop.util.LoggerUtil logError
SEVERE: Failed to create order record
Jan 30, 2026 1:57:24 AM com.revshop.util.LoggerUtil logError
SEVERE: Failed to create order record
Jan 30, 2026 2:09:10 AM com.revshop.util.LoggerUtil logWarning
WARNING: Failed login attempt: kiran@gmail.com
Jan 30, 2026 2:09:27 AM com.revshop.util.LoggerUtil logInfo
INFO: User registered successfully: we@gmail.com
Jan 30, 2026 2:09:37 AM com.revshop.util.LoggerUtil logInfo
INFO: User logged in: we@gmail.com
Jan 30, 2026 2:09:39 AM com.revshop.util.LoggerUtil logInfo
INFO: Order failed: Cart is empty for user 32
Jan 30, 2026 2:09:56 AM com.revshop.util.LoggerUtil logInfo
INFO: Order failed: Cart is empty for user 32
Jan 30, 2026 2:15:57 AM com.revshop.util.LoggerUtil logInfo
INFO: Order failed: Cart is empty for user 32
Jan 30, 2026 2:16:30 AM com.revshop.util.LoggerUtil logInfo
INFO: Added product 101 to cart for user 32
Jan 30, 2026 2:16:41 AM com.revshop.util.LoggerUtil logWarning
WARNING: Insufficient stock for product Demo Product
Jan 30, 2026 2:18:34 AM com.revshop.util.LoggerUtil logWarning
WARNING: Insufficient stock for product Demo Product
Jan 30, 2026 2:19:04 AM com.revshop.util.LoggerUtil logError
SEVERE: Failed to save order item
Jan 30, 2026 2:23:09 AM com.revshop.util.LoggerUtil logInfo
INFO: Added product 5 to cart for user 32
Jan 30, 2026 2:23:21 AM com.revshop.util.LoggerUtil logError
SEVERE: Failed to save order item
Jan 30, 2026 2:26:53 AM com.revshop.util.LoggerUtil logInfo
INFO: User registered successfully: 1
Jan 30, 2026 2:27:17 AM com.revshop.util.LoggerUtil logInfo
INFO: User registered successfully: kj@gmail.com
Jan 30, 2026 2:27:28 AM com.revshop.util.LoggerUtil logInfo
INFO: User logged in: kj@gmail.com
Jan 30, 2026 2:27:47 AM com.revshop.util.LoggerUtil logInfo
INFO: Order failed: Cart is empty for user 33
Jan 30, 2026 9:03:25 AM com.revshop.util.LoggerUtil logInfo
INFO: User registered successfully: Raju@gmail.com
Jan 30, 2026 9:04:11 AM com.revshop.util.LoggerUtil logWarning
WARNING: Failed login attempt: raju@gmail.com
Jan 30, 2026 9:04:28 AM com.revshop.util.LoggerUtil logInfo
INFO: User logged in: Raju@gmail.com
Jan 30, 2026 9:05:50 AM com.revshop.util.LoggerUtil logInfo
INFO: Product added: Mobile
Jan 30, 2026 9:07:14 AM com.revshop.util.LoggerUtil logWarning
WARNING: Failed login attempt: kiran@gmail.com
Jan 30, 2026 9:08:20 AM com.revshop.util.LoggerUtil logInfo
INFO: User registered successfully: kittu@gmail.com
Jan 30, 2026 9:08:37 AM com.revshop.util.LoggerUtil logInfo
INFO: User logged in: kittu@gmail.com
Jan 30, 2026 9:09:44 AM com.revshop.util.LoggerUtil logInfo
INFO: Added product 105 to cart for user 35
Jan 30, 2026 9:10:15 AM com.revshop.util.LoggerUtil logError
SEVERE: Failed to save order item for order 6
Jan 30, 2026 9:32:22 AM com.revshop.util.LoggerUtil logInfo
INFO: User registered successfully: jagan@yahoo.com
Jan 30, 2026 9:33:42 AM com.revshop.util.LoggerUtil logInfo
INFO: User logged in: jagan@yahoo.com
Jan 30, 2026 9:34:58 AM com.revshop.util.LoggerUtil logInfo
INFO: Added product 1 to cart for user 36
Jan 30, 2026 9:35:28 AM com.revshop.util.LoggerUtil logInfo
INFO: User logged in: jagan@yahoo.com
Jan 30, 2026 9:36:06 AM com.revshop.util.LoggerUtil logInfo
INFO: Order failed: Cart is empty for user 36
Jan 30, 2026 9:37:46 AM com.revshop.util.LoggerUtil logInfo
INFO: Order failed: Cart is empty for user 36
Jan 30, 2026 9:39:46 AM com.revshop.util.LoggerUtil logInfo
INFO: User logged in: kittu@gmail.com
Jan 30, 2026 9:40:40 AM com.revshop.util.LoggerUtil logInfo
INFO: User registered successfully: seller@yahoo.com
Jan 30, 2026 9:41:53 AM com.revshop.util.LoggerUtil logInfo
INFO: User logged in: seller@yahoo.com
Jan 30, 2026 9:43:51 AM com.revshop.util.LoggerUtil logInfo
INFO: Product added: Mobile
Jan 30, 2026 11:25:04 AM com.revshop.util.LoggerUtil logError
SEVERE: Failed to save order item for order 7
Jan 30, 2026 2:10:17 PM com.revshop.util.LoggerUtil logInfo
INFO: User registered successfully: kj@gmail.com
Jan 30, 2026 2:11:00 PM com.revshop.util.LoggerUtil logInfo
INFO: User registered successfully: kirankumar@gmail.com
Jan 30, 2026 2:11:16 PM com.revshop.util.LoggerUtil logWarning
WARNING: Failed login attempt: kiran@gmail.com
Jan 30, 2026 2:12:38 PM com.revshop.util.LoggerUtil logInfo
INFO: User registered successfully: demouser@gmail.com
Jan 30, 2026 2:12:53 PM com.revshop.util.LoggerUtil logInfo
INFO: User logged in: demouser@gmail.com
Jan 30, 2026 2:13:05 PM com.revshop.util.LoggerUtil logInfo
INFO: Order failed: Cart is empty for user 38
Jan 30, 2026 2:22:48 PM com.revshop.util.LoggerUtil logInfo
INFO: User registered successfully: kumar@gmail.com
Jan 30, 2026 3:10:11 PM com.revshop.util.LoggerUtil logInfo
INFO: User registered successfully: arun@gmail.com
Jan 30, 2026 3:10:38 PM com.revshop.util.LoggerUtil logInfo
INFO: User logged in: arun@gmail.com
Jan 30, 2026 3:22:03 PM com.revshop.util.LoggerUtil logWarning
WARNING: Failed login attempt: kittu@gmail.com
Jan 30, 2026 3:22:17 PM com.revshop.util.LoggerUtil logInfo
INFO: User logged in: kittu@gmail.com
Jan 30, 2026 3:24:23 PM com.revshop.util.LoggerUtil logInfo
INFO: User registered successfully: newuser@gmail.com
Jan 30, 2026 3:24:30 PM com.revshop.util.LoggerUtil logInfo
INFO: User logged in: newuser@gmail.com
Jan 30, 2026 3:30:39 PM com.revshop.util.LoggerUtil logInfo
INFO: User registered successfully: vbn
Jan 30, 2026 3:31:24 PM com.revshop.util.LoggerUtil logInfo
INFO: User logged in: vbn
Jan 30, 2026 3:34:23 PM com.revshop.util.LoggerUtil logInfo
INFO: User logged in: vbn
Jan 30, 2026 3:34:33 PM com.revshop.util.LoggerUtil logInfo
INFO: Order failed: Cart is empty for user 41
Jan 30, 2026 4:07:22 PM com.revshop.util.LoggerUtil logInfo
INFO: User registered successfully: kkkk@gmail.com
Jan 30, 2026 4:07:55 PM com.revshop.util.LoggerUtil logInfo
INFO: User registered successfully: kirankumar@gmail.com
Jan 30, 2026 4:08:40 PM com.revshop.util.LoggerUtil logInfo
INFO: User registered successfully: kiran1@gmail.com
Jan 30, 2026 4:09:07 PM com.revshop.util.LoggerUtil logInfo
INFO: User logged in: kiran1@gmail.com
Jan 30, 2026 4:20:17 PM com.revshop.util.LoggerUtil logWarning
WARNING: Failed login attempt: erty7
Jan 30, 2026 4:31:30 PM com.revshop.util.LoggerUtil logInfo
INFO: User registered successfully: janasena@gmail.com
